Arguments: 
  /home/golux/.nvm/versions/node/v14.19.0/bin/node /usr/share/yarn/bin/yarn.js

PATH: 
  /home/golux/.nvm/versions/node/v14.19.0/bin:/home/golux/.rbenv/plugins/ruby-build/bin:/home/golux/.rbenv/shims:/home/golux/.rbenv/bin:/home/golux/.local/bin:/usr/local/sbin:/usr/local/bin:/usr/sbin:/usr/bin:/sbin:/bin:/usr/games:/usr/local/games:/snap/bin:/usr/local/go/bin:/home/golux/.foundry/bin

Yarn version: 
  1.22.15

Node version: 
  14.19.0

Platform: 
  linux x64

Trace: 
  Error: ENOSPC: no space left on device, copyfile '/home/golux/.cache/yarn/v6/npm-bindings-1.5.0-10353c9e945334bc0511a6d90b38fbc7c9c504df-integrity/node_modules/bindings/README.md' -> '/home/golux/Desktop/solidity-dev/hardhat/lottery/Lottery/node_modules/bindings/README.md'

npm manifest: 
  {
    "name": "Lottery",
    "license": "UNLICENSED",
    "scripts": {
      "codegen": "graph codegen",
      "build": "graph build",
      "deploy": "graph deploy --node https://api.thegraph.com/deploy/ prlina01/Lottery",
      "create-local": "graph create --node http://localhost:8020/ prlina01/Lottery",
      "remove-local": "graph remove --node http://localhost:8020/ prlina01/Lottery",
      "deploy-local": "graph deploy --node http://localhost:8020/ --ipfs http://localhost:5001 prlina01/Lottery"
    },
    "dependencies": {
      "@graphprotocol/graph-cli": "0.29.2",
      "@graphprotocol/graph-ts": "0.26.0"
    }
  }

yarn manifest: 
  No manifest

Lockfile: 
  No lockfile
